<?xml version="1.0" encoding="UTF-8"?>
<testng-results ignored="0" total="1" passed="1" failed="0" skipped="0">
  <reporter-output>
  </reporter-output>
  <suite started-at="2020-08-03T14:20:12 PDT" name="Default suite" finished-at="2020-08-03T14:20:12 PDT" duration-ms="89">
    <groups>
    </groups>
    <test started-at="2020-08-03T14:20:12 PDT" name="Default test" finished-at="2020-08-03T14:20:12 PDT" duration-ms="89">
      <class name="com.hrms.tdd.TDD">
        <test-method signature="test()[pri:0, instance:com.hrms.tdd.TDD@1f0f1111]" started-at="2020-08-03T14:20:12 PDT" name="test" finished-at="2020-08-03T14:20:12 PDT" duration-ms="21" status="PASS">
          <reporter-output>
          </reporter-output>
        </test-method> <!-- test -->
      </class> <!-- com.hrms.tdd.TDD -->
    </test> <!-- Default test -->
  </suite> <!-- Default suite -->
</testng-results>
